TN:
SF:src\use-cases\submit-feedbacks-use-case.ts
FN:14,execute
FN:10,SubmitFeedbackUseCase
FNF:2
FNH:2
FNDA:2,execute
FNDA:1,SubmitFeedbackUseCase
DA:1,1
DA:2,1
DA:3,1
DA:4,1
DA:5,1
DA:6,1
DA:7,1
DA:8,1
DA:9,1
DA:10,1
DA:11,1
DA:12,1
DA:13,1
DA:14,1
DA:15,2
DA:16,2
DA:17,2
DA:18,0
DA:19,0
DA:20,2
DA:21,0
DA:22,0
DA:23,2
DA:24,2
DA:25,2
DA:26,0
DA:27,0
DA:28,0
DA:29,0
DA:30,0
DA:31,0
DA:32,0
DA:33,0
DA:34,0
DA:35,0
DA:36,0
DA:37,0
DA:38,0
DA:39,0
DA:40,0
DA:41,0
DA:42,1
LF:42
LH:22
BRDA:14,0,0,2
BRDA:17,1,0,0
BRDA:20,2,0,0
BRDA:26,3,0,0
BRDA:10,4,0,1
BRF:5
BRH:2
end_of_record
